<?xml version="1.0" encoding="UTF-8"?>
<testng-results ignored="0" total="1" passed="1" failed="0" skipped="0">
  <reporter-output>
  </reporter-output>
  <suite started-at="2022-02-24T15:48:12 IST" name="Default suite" finished-at="2022-02-24T15:48:18 IST" duration-ms="5895">
    <groups>
    </groups>
    <test started-at="2022-02-24T15:48:12 IST" name="Default test" finished-at="2022-02-24T15:48:18 IST" duration-ms="5895">
      <class name="com.sampleProj.TestCase.Login_TC_01">
        <test-method is-config="true" signature="preConditions()[pri:0, instance:com.sampleProj.TestCase.Login_TC_01@783a467b]" started-at="2022-02-24T15:48:12 IST" name="preConditions" finished-at="2022-02-24T15:48:17 IST" duration-ms="5179" status="PASS">
          <reporter-output>
          </reporter-output>
        </test-method> <!-- preConditions -->
        <test-method signature="loginTest()[pri:0, instance:com.sampleProj.TestCase.Login_TC_01@783a467b]" started-at="2022-02-24T15:48:17 IST" name="loginTest" finished-at="2022-02-24T15:48:18 IST" duration-ms="664" status="PASS">
          <reporter-output>
          </reporter-output>
        </test-method> <!-- loginTest -->
      </class> <!-- com.sampleProj.TestCase.Login_TC_01 -->
    </test> <!-- Default test -->
  </suite> <!-- Default suite -->
</testng-results>
